# JRE version: Java(TM) SE Runtime Environment (17.0.6+9) (build 17.0.6+9-LTS-190)
# Java VM: Java HotSpot(TM) 64-Bit Server VM (17.0.6+9-LTS-190, mixed mode, sharing, tiered, compressed oops, compressed class ptrs, g1 gc, windows-amd64)
GC Precious Log:
 CPUs: 4 total, 4 available
 Memory: 8109M
 Large Page Support: Disabled
 NUMA Support: Disabled
 Compressed Oops: Enabled (32-bit)
 Heap Region Size: 1M
 Heap Min Capacity: 8M
 Heap Initial Capacity: 128M
 Heap Max Capacity: 2028M
 Pre-touch: Disabled
 Parallel Workers: 4
 Concurrent Workers: 1
 Concurrent Refinement Workers: 4
 Periodic GC: Disabled
Heap:
 garbage-first heap   total 61440K, used 40515K [0x0000000081400000, 0x0000000100000000)
  region size 1024K, 18 young (18432K), 3 survivors (3072K)
 Metaspace       used 57209K, committed 57664K, reserved 1105920K
  class space    used 7873K, committed 8064K, reserved 1048576K
GC Heap History (20 events):
Event: 1.843 GC heap before
{Heap before GC invocations=1 (full 0):
 garbage-first heap   total 131072K, used 16570K [0x0000000081400000, 0x0000000100000000)
  region size 1024K, 10 young (10240K), 2 survivors (2048K)
 Metaspace       used 5056K, committed 5248K, reserved 1056768K
  class space    used 564K, committed 640K, reserved 1048576K
}
Event: 1.848 GC heap after
{Heap after GC invocations=2 (full 0):
 garbage-first heap   total 131072K, used 9314K [0x0000000081400000, 0x0000000100000000)
  region size 1024K, 1 young (1024K), 1 survivors (1024K)
 Metaspace       used 5056K, committed 5248K, reserved 1056768K
  class space    used 564K, committed 640K, reserved 1048576K
}
Event: 3.351 GC heap before
{Heap before GC invocations=2 (full 0):
 garbage-first heap   total 131072K, used 29794K [0x0000000081400000, 0x0000000100000000)
  region size 1024K, 21 young (21504K), 1 survivors (1024K)
 Metaspace       used 10409K, committed 10624K, reserved 1064960K
  class space    used 1259K, committed 1344K, reserved 1048576K
}
Event: 3.356 GC heap after
{Heap after GC invocations=3 (full 0):
 garbage-first heap   total 131072K, used 10789K [0x0000000081400000, 0x0000000100000000)
  region size 1024K, 3 young (3072K), 3 survivors (3072K)
 Metaspace       used 10409K, committed 10624K, reserved 1064960K
  class space    used 1259K, committed 1344K, reserved 1048576K
}
Event: 7.018 GC heap before
{Heap before GC invocations=3 (full 0):
 garbage-first heap   total 131072K, used 72229K [0x0000000081400000, 0x0000000100000000)
  region size 1024K, 65 young (66560K), 3 survivors (3072K)
 Metaspace       used 21266K, committed 21504K, reserved 1073152K
  class space    used 2586K, committed 2688K, reserved 1048576K
}
Event: 7.040 GC heap after
{Heap after GC invocations=4 (full 0):
 garbage-first heap   total 131072K, used 15851K [0x0000000081400000, 0x0000000100000000)
  region size 1024K, 8 young (8192K), 8 survivors (8192K)
 Metaspace       used 21266K, committed 21504K, reserved 1073152K
  class space    used 2586K, committed 2688K, reserved 1048576K
}
Event: 9.736 GC heap before
{Heap before GC invocations=5 (full 0):
 garbage-first heap   total 61440K, used 47595K [0x0000000081400000, 0x0000000100000000)
  region size 1024K, 40 young (40960K), 8 survivors (8192K)
 Metaspace       used 26668K, committed 27072K, reserved 1073152K
  class space    used 3474K, committed 3648K, reserved 1048576K
}
Event: 9.781 GC heap after
{Heap after GC invocations=6 (full 0):
 garbage-first heap   total 61440K, used 18216K [0x0000000081400000, 0x0000000100000000)
  region size 1024K, 8 young (8192K), 8 survivors (8192K)
 Metaspace       used 26668K, committed 27072K, reserved 1073152K
  class space    used 3474K, committed 3648K, reserved 1048576K
}
Event: 9.908 GC heap before
{Heap before GC invocations=6 (full 0):
 garbage-first heap   total 61440K, used 19240K [0x0000000081400000, 0x0000000100000000)
  region size 1024K, 9 young (9216K), 8 survivors (8192K)
 Metaspace       used 26801K, committed 27200K, reserved 1073152K
  class space    used 3495K, committed 3648K, reserved 1048576K
}
Event: 9.932 GC heap after
{Heap after GC invocations=7 (full 0):
 garbage-first heap   total 61440K, used 19362K [0x0000000081400000, 0x0000000100000000)
  region size 1024K, 1 young (1024K), 1 survivors (1024K)
 Metaspace       used 26801K, committed 27200K, reserved 1073152K
  class space    used 3495K, committed 3648K, reserved 1048576K
}
Event: 12.499 GC heap before
{Heap before GC invocations=7 (full 0):
 garbage-first heap   total 61440K, used 43938K [0x0000000081400000, 0x0000000100000000)
  region size 1024K, 24 young (24576K), 1 survivors (1024K)
 Metaspace       used 30643K, committed 31104K, reserved 1081344K
  class space    used 4019K, committed 4224K, reserved 1048576K
}
Event: 12.506 GC heap after
{Heap after GC invocations=8 (full 0):
 garbage-first heap   total 61440K, used 20300K [0x0000000081400000, 0x0000000100000000)
  region size 1024K, 2 young (2048K), 2 survivors (2048K)
 Metaspace       used 30643K, committed 31104K, reserved 1081344K
  class space    used 4019K, committed 4224K, reserved 1048576K
}
Event: 14.279 GC heap before
{Heap before GC invocations=8 (full 0):
 garbage-first heap   total 61440K, used 38732K [0x0000000081400000, 0x0000000100000000)
  region size 1024K, 21 young (21504K), 2 survivors (2048K)
 Metaspace       used 35567K, committed 35968K, reserved 1081344K
  class space    used 4743K, committed 4928K, reserved 1048576K
}
Event: 14.285 GC heap after
{Heap after GC invocations=9 (full 0):
 garbage-first heap   total 61440K, used 21109K [0x0000000081400000, 0x0000000100000000)
  region size 1024K, 3 young (3072K), 3 survivors (3072K)
 Metaspace       used 35567K, committed 35968K, reserved 1081344K
  class space    used 4743K, committed 4928K, reserved 1048576K
}
Event: 16.214 GC heap before
{Heap before GC invocations=10 (full 0):
 garbage-first heap   total 61440K, used 45685K [0x0000000081400000, 0x0000000100000000)
  region size 1024K, 28 young (28672K), 3 survivors (3072K)
 Metaspace       used 42693K, committed 43136K, reserved 1089536K
  class space    used 5696K, committed 5952K, reserved 1048576K
}
Event: 16.227 GC heap after
{Heap after GC invocations=11 (full 0):
 garbage-first heap   total 61440K, used 23676K [0x0000000081400000, 0x0000000100000000)
  region size 1024K, 4 young (4096K), 4 survivors (4096K)
 Metaspace       used 42693K, committed 43136K, reserved 1089536K
  class space    used 5696K, committed 5952K, reserved 1048576K
}
Event: 17.541 GC heap before
{Heap before GC invocations=11 (full 0):
 garbage-first heap   total 61440K, used 45180K [0x0000000081400000, 0x0000000100000000)
  region size 1024K, 26 young (26624K), 4 survivors (4096K)
 Metaspace       used 49434K, committed 49856K, reserved 1097728K
  class space    used 6737K, committed 6976K, reserved 1048576K
}
Event: 17.549 GC heap after
{Heap after GC invocations=12 (full 0):
 garbage-first heap   total 61440K, used 24730K [0x0000000081400000, 0x0000000100000000)
  region size 1024K, 2 young (2048K), 2 survivors (2048K)
 Metaspace       used 49434K, committed 49856K, reserved 1097728K
  class space    used 6737K, committed 6976K, reserved 1048576K
}
Event: 18.546 GC heap before
{Heap before GC invocations=12 (full 0):
 garbage-first heap   total 61440K, used 47258K [0x0000000081400000, 0x0000000100000000)
  region size 1024K, 24 young (24576K), 2 survivors (2048K)
 Metaspace       used 54502K, committed 54976K, reserved 1097728K
  class space    used 7488K, committed 7744K, reserved 1048576K
}
Event: 18.557 GC heap after
{Heap after GC invocations=13 (full 0):
 garbage-first heap   total 61440K, used 26179K [0x0000000081400000, 0x0000000100000000)
  region size 1024K, 3 young (3072K), 3 survivors (3072K)
 Metaspace       used 54502K, committed 54976K, reserved 1097728K
  class space    used 7488K, committed 7744K, reserved 1048576K
}

